Unity Editor version:    6000.3.2f1 (a9779f353c9b)
Branch:                  6000.3/staging
Build type:              Release
Batch mode:              YES
macOS version:           Version 26.2 (Build 25C56)
Darwin version:          25.2.0
Architecture:            arm64
Running under Rosetta:   NO
Available memory:        18432 MB
Date:                    2026-01-05T20:53:45Z
[Licensing::Module] Trying to connect to existing licensing client channel...
[Licensing::IpcConnector] Successfully connected to: "LicenseClient-nate" at "2026-01-05T20:53:45.861736Z"

COMMAND LINE ARGUMENTS:
/Applications/Unity/Hub/Editor/6000.3.2f1/Unity.app/Contents/MacOS/Unity
-adb2
-batchMode
-noUpm
-name
AssetImportWorker0
-projectPath
/Users/nate/Documents/Neumont/GAT185/nspackman_neumont
-logFile
Logs/AssetImportWorker0.log
-srvPort
63874
-job-worker-count
5
-background-job-worker-count
8
-gc-helper-count
1
-name AssetImport
Successfully changed project path to: /Users/nate/Documents/Neumont/GAT185/nspackman_neumont
/Users/nate/Documents/Neumont/GAT185/nspackman_neumont
[UnityMemory] Configuration Parameters - Can be set up in boot.config
    "memorysetup-allocator-temp-initial-block-size-main=262144"
    "memorysetup-allocator-temp-initial-block-size-worker=262144"
    "memorysetup-temp-allocator-size-background-worker=32768"
    "memorysetup-temp-allocator-size-job-worker=262144"
    "memorysetup-temp-allocator-size-preload-manager=33554432"
    "memorysetup-temp-allocator-size-nav-mesh-worker=65536"
    "memorysetup-temp-allocator-size-audio-worker=65536"
    "memorysetup-temp-allocator-size-cloud-worker=32768"
    "memorysetup-bucket-allocator-granularity=16"
    "memorysetup-bucket-allocator-bucket-count=8"
    "memorysetup-bucket-allocator-block-size=33554432"
    "memorysetup-bucket-allocator-block-count=8"
    "memorysetup-main-allocator-block-size=16777216"
    "memorysetup-thread-allocator-block-size=16777216"
    "memorysetup-gfx-main-allocator-block-size=16777216"
    "memorysetup-gfx-thread-allocator-block-size=16777216"
    "memorysetup-cache-allocator-block-size=4194304"
    "memorysetup-typetree-allocator-block-size=2097152"
    "memorysetup-profiler-bucket-allocator-granularity=16"
    "memorysetup-profiler-bucket-allocator-bucket-count=8"
    "memorysetup-profiler-bucket-allocator-block-size=33554432"
    "memorysetup-profiler-bucket-allocator-block-count=8"
    "memorysetup-profiler-allocator-block-size=16777216"
    "memorysetup-profiler-editor-allocator-block-size=1048576"
    "memorysetup-temp-allocator-size-main=16777216"
    "memorysetup-job-temp-allocator-block-size=2097152"
    "memorysetup-job-temp-allocator-block-size-background=1048576"
    "memorysetup-job-temp-allocator-reduction-small-platforms=262144"
    "memorysetup-temp-allocator-size-gi-baking-worker=262144"
    "memorysetup-temp-allocator-size-gi-baking-worker=262144"
    "memorysetup-temp-allocator-size-gi-baking-worker=262144"
    "memorysetup-temp-allocator-size-gi-baking-worker=262144"
    "memorysetup-temp-allocator-size-gi-baking-worker=262144"
    "memorysetup-temp-allocator-size-gfx=262144"
Player connection [8707157056]  Target information:

Player connection [8707157056]  * "[IP] 10.10.16.95 [Port] 0 [Flags] 2 [Guid] 2229074999 [EditorId] 2229074999 [Version] 1048832 [Id] OSXEditor(0,nates-MacBook-Pro.local) [Debug] 1 [PackageName] OSXEditor [ProjectName] Editor" 

Player connection [8707157056] Host joined multi-casting on [225.0.0.222:54997]...
Player connection [8707157056] Host joined alternative multi-casting on [225.0.0.222:34997]...
JobSystem: Creating JobQueue using job-worker-count value 5
Input System module state changed to: Initialized.
[Physics::Module] Initialized fallback backend.
[Physics::Module] Id: 0xdecafbad
Library Redirect Path: Library/
[Physics::Module] Selected backend.
[Physics::Module] Name: PhysX
[Physics::Module] Id: 0xf2b8ea05
[Physics::Module] SDK Version: 4.1.2
[Physics::Module] Integration Version: 1.0.0
[Physics::Module] Threading Mode: Multi-Threaded
Refreshing native plugins compatible for Editor in 2.32 ms, found 1 plugins.
Preloading 0 native plugins for Editor in 0.00 ms.
Initialize engine version: 6000.3.2f1 (a9779f353c9b)
[Subsystems] Discovering subsystems at path /Applications/Unity/Hub/Editor/6000.3.2f1/Unity.app/Contents/Resources/UnitySubsystems
[Subsystems] Discovering subsystems at path /Users/nate/Documents/Neumont/GAT185/nspackman_neumont/Assets
GfxDevice: creating device client; kGfxThreadingModeNonThreaded
 preferred device: Apple M3 Pro (high power)
Metal devices available: 1
0: Apple M3 Pro (high power)
Using device Apple M3 Pro (high power)
Initializing Metal device caps: Apple M3 Pro
Mac GPU Family: 2
Apple GPU Family: 9
MSL Version: 3.0
Has Float MSAA: 1
Has Float Filtering: 1
ReadWrite Texture Tier: 2
Initialize mono
Mono path[0] = '/Applications/Unity/Hub/Editor/6000.3.2f1/Unity.app/Contents/Resources/Scripting/Managed'
Mono path[1] = '/Applications/Unity/Hub/Editor/6000.3.2f1/Unity.app/Contents/Resources/Scripting/MonoBleedingEdge/lib/mono/unityjit-macos'
Mono config path = '/Applications/Unity/Hub/Editor/6000.3.2f1/Unity.app/Contents/Resources/Scripting/MonoBleedingEdge/etc'
Using monoOptions --debugger-agent=transport=dt_socket,embedding=1,server=y,suspend=n,address=127.0.0.1:56643
Begin MonoManager ReloadAssembly
Registering precompiled unity dll's ...
Register platform support module: /Applications/Unity/Hub/Editor/6000.3.2f1/PlaybackEngines/WebGLSupport/UnityEditor.WebGL.Extensions.dll
Register platform support module: /Applications/Unity/Hub/Editor/6000.3.2f1/Unity.app/Contents/PlaybackEngines/MacStandaloneSupport/UnityEditor.OSXStandalone.Extensions.dll
[Licensing::Module] Licensing is not yet initialized.
[Licensing::Client] Handshaking with LicensingClient:
  Version:                 1.17.4+4293ba1
  Session Id:              48c9bb484af94e8ba7cbe634a0174101
  Correlation Id:          8cbe534866bba166e17581ca99b83cda
  External correlation Id: 7551596446758746578
  Machine Id:              LBsy0fuhJOsa5spSE2ISi5lX28c=
[Licensing::Module] Successfully connected to LicensingClient on channel: "LicenseClient-nate" (connect: 0.00s, validation: 0.00s, handshake: 0.67s)
[Licensing::IpcConnector] Successfully connected to: "LicenseClient-nate-notifications" at "2026-01-05T20:53:46.528831Z"
[Licensing::Module] Licensing Background thread has ended after 0.67s
[Licensing::Module] Licensing is initialized (took 0.09s).
[Licensing::Client] Successfully resolved entitlement details
[Licensing::Module] License group:
  Id: 20067543577042-UnityPersXXXX
  Product: Unity Personal
  Type: Assigned
  Expiration: Unlimited
Register platform support module: /Applications/Unity/Hub/Editor/6000.3.2f1/PlaybackEngines/AndroidPlayer/UnityEditor.Android.Extensions.dll
Registered in 0.096523 seconds.
- Loaded All Assemblies, in  0.373 seconds
Native extension for Android target not found
Native extension for OSXStandalone target not found
Native extension for WebGL target not found
Mono: successfully reloaded assembly
- Finished resetting the current domain, in  0.278 seconds
Domain Reload Profiling: 651ms
	BeginReloadAssembly (93ms)
		ExecutionOrderSort (0ms)
		DisableScriptedObjects (0ms)
		BackupInstance (0ms)
		ReleaseScriptingObjects (0ms)
		CreateAndSetChildDomain (0ms)
	RebuildCommonClasses (24ms)
	RebuildNativeTypeToScriptingClass (10ms)
	initialDomainReloadingComplete (121ms)
	LoadAllAssembliesAndSetupDomain (125ms)
		LoadAssemblies (93ms)
		RebuildTransferFunctionScriptingTraits (0ms)
		AnalyzeDomain (123ms)
			TypeCache.Refresh (121ms)
				TypeCache.ScanAssembly (110ms)
			BuildScriptInfoCaches (0ms)
			ResolveRequiredComponents (0ms)
	FinalizeReload (278ms)
		ReleaseScriptCaches (0ms)
		RebuildScriptCaches (0ms)
		SetupLoadedEditorAssemblies (246ms)
			LogAssemblyErrors (0ms)
			InitializePlatformSupportModulesInManaged (47ms)
			SetLoadedEditorAssemblies (2ms)
			BeforeProcessingInitializeOnLoad (57ms)
			ProcessInitializeOnLoadAttributes (91ms)
			ProcessInitializeOnLoadMethodAttributes (49ms)
			AfterProcessingInitializeOnLoad (0ms)
			EditorAssembliesLoaded (0ms)
		ExecutionOrderSort2 (0ms)
		AwakeInstancesAfterBackupRestoration (0ms)
[CoreBusinessMetrics] Unexpected thread when updating session info.
========================================================================
Worker process is ready to serve import requests
Import Worker Mode flag is 0x00
Begin MonoManager ReloadAssembly
[Licensing::Client] Successfully resolved entitlement details
- Loaded All Assemblies, in  0.442 seconds
Refreshing native plugins compatible for Editor in 0.23 ms, found 1 plugins.
Native extension for Android target not found
Native extension for OSXStandalone target not found
Native extension for WebGL target not found
Package Manager log level set to [2]
[Package Manager] Failed to launch server process. Reason: Unity was launched with the -noUpm command-line argument
[Package Manager] Unable to send message (not connected to server process).
[Package Manager] Cannot connect to Unity Package Manager local server
Mono: successfully reloaded assembly
- Finished resetting the current domain, in  0.436 seconds
Domain Reload Profiling: 877ms
	BeginReloadAssembly (83ms)
		ExecutionOrderSort (0ms)
		DisableScriptedObjects (3ms)
		BackupInstance (0ms)
		ReleaseScriptingObjects (0ms)
		CreateAndSetChildDomain (20ms)
	RebuildCommonClasses (24ms)
	RebuildNativeTypeToScriptingClass (9ms)
	initialDomainReloadingComplete (19ms)
	LoadAllAssembliesAndSetupDomain (306ms)
		LoadAssemblies (201ms)
		RebuildTransferFunctionScriptingTraits (0ms)
		AnalyzeDomain (140ms)
			TypeCache.Refresh (109ms)
				TypeCache.ScanAssembly (96ms)
			BuildScriptInfoCaches (22ms)
			ResolveRequiredComponents (5ms)
	FinalizeReload (436ms)
		ReleaseScriptCaches (0ms)
		RebuildScriptCaches (0ms)
		SetupLoadedEditorAssemblies (310ms)
			LogAssemblyErrors (0ms)
			InitializePlatformSupportModulesInManaged (5ms)
			SetLoadedEditorAssemblies (2ms)
			BeforeProcessingInitializeOnLoad (87ms)
			ProcessInitializeOnLoadAttributes (183ms)
			ProcessInitializeOnLoadMethodAttributes (33ms)
			AfterProcessingInitializeOnLoad (1ms)
			EditorAssembliesLoaded (0ms)
		ExecutionOrderSort2 (0ms)
		AwakeInstancesAfterBackupRestoration (2ms)
WARNING: Shader Unsupported: 'Universal Render Pipeline/VR/SpatialMapping/Wireframe' - All subshaders removed
WARNING: Shader Did you use #pragma only_renderers and omit this platform?
WARNING: Shader If subshaders removal was intentional, you may have forgotten turning Fallback off?
WARNING: Shader Unsupported: 'Universal Render Pipeline/VR/SpatialMapping/Wireframe' - All subshaders removed
WARNING: Shader Did you use #pragma only_renderers and omit this platform?
WARNING: Shader If subshaders removal was intentional, you may have forgotten turning Fallback off?
Launching external process: /Applications/Unity/Hub/Editor/6000.3.2f1/Unity.app/Contents/Helpers/UnityShaderCompiler
Launched and connected shader compiler UnityShaderCompiler after 0.03 seconds
Refreshing native plugins compatible for Editor in 0.29 ms, found 1 plugins.
Preloading 0 native plugins for Editor in 0.00 ms.
Unloading 17 Unused Serialized files (Serialized files now loaded: 0)
Unloading 6183 unused Assets / (4.3 MB). Loaded Objects now: 6981.
Memory consumption went from 153.4 MB to 149.1 MB.
Total: 6.431167 ms (FindLiveObjects: 0.513583 ms CreateObjectMapping: 0.165792 ms MarkObjects: 4.492166 ms  DeleteObjects: 1.259417 ms)

========================================================================
Received Import Request.
  Time since last request: 77704.940156 seconds.
  path: Assets/InputSystem_Actions.inputactions
  artifactKey: Guid(052faaac586de48259a63d0c4782560b) Importer(815301076,1909f56bfc062723c751e8b465ee728b)
Start importing Assets/InputSystem_Actions.inputactions using Guid(052faaac586de48259a63d0c4782560b) Importer(815301076,1909f56bfc062723c751e8b465ee728b) (PreviewImporter) -> (artifact id: '01930f40487c8621e82f37946cdc2c76') in 0.01213325 seconds
Number of updated asset objects reloaded before import = 0Number of asset objects unloaded after import = 20

========================================================================
Received Import Request.
  Time since last request: 4.817800 seconds.
  path: Assets/InputSystem_Actions.inputactions
  artifactKey: Guid(052faaac586de48259a63d0c4782560b) Importer(2089858483,b0f066a214c2f5e87bad3c948f4d605d)
Start importing Assets/InputSystem_Actions.inputactions using Guid(052faaac586de48259a63d0c4782560b) Importer(2089858483,b0f066a214c2f5e87bad3c948f4d605d) (ScriptedImporter) -> (artifact id: 'cfef8cb79305d9173609d29d5b79710b') in 0.116854875 seconds
Number of updated asset objects reloaded before import = 0Number of asset objects unloaded after import = 22

========================================================================
Received Import Request.
  Time since last request: 10.121476 seconds.
  path: Assets/Scenes/SampleScene.unity
  artifactKey: Guid(99c9720ab356a0642a771bea13969a05) Importer(2089858483,b0f066a214c2f5e87bad3c948f4d605d)
Start importing Assets/Scenes/SampleScene.unity using Guid(99c9720ab356a0642a771bea13969a05) Importer(2089858483,b0f066a214c2f5e87bad3c948f4d605d) (ScriptedImporter) -> (artifact id: 'd513374617107c66db249acecdfd35ed') in 0.002574291 seconds
Number of updated asset objects reloaded before import = 1Number of asset objects unloaded after import = 1

========================================================================
Received Import Request.
  Time since last request: 0.000042 seconds.
  path: Assets/TutorialInfo/Layout.wlt
  artifactKey: Guid(eabc9546105bf4accac1fd62a63e88e6) Importer(2089858483,b0f066a214c2f5e87bad3c948f4d605d)
Start importing Assets/TutorialInfo/Layout.wlt using Guid(eabc9546105bf4accac1fd62a63e88e6) Importer(2089858483,b0f066a214c2f5e87bad3c948f4d605d) (ScriptedImporter) -> (artifact id: 'fe6f8c202e2a4427a57ce9a1f569ddd5') in 0.001305917 seconds
Number of updated asset objects reloaded before import = 0Number of asset objects unloaded after import = 1

========================================================================
Received Import Request.
  Time since last request: 0.000032 seconds.
  path: Assets/Settings/UniversalRenderPipelineGlobalSettings.asset
  artifactKey: Guid(18dc0cd2c080841dea60987a38ce93fa) Importer(2089858483,b0f066a214c2f5e87bad3c948f4d605d)
Start importing Assets/Settings/UniversalRenderPipelineGlobalSettings.asset using Guid(18dc0cd2c080841dea60987a38ce93fa) Importer(2089858483,b0f066a214c2f5e87bad3c948f4d605d) (ScriptedImporter) -> (artifact id: 'a79ce535296b9d3f06bdfb0e7cd3a214') in 0.044404041 seconds
Number of updated asset objects reloaded before import = 0Number of asset objects unloaded after import = 0

========================================================================
Received Import Request.
  Time since last request: 0.000031 seconds.
  path: Assets/Settings/Mobile_RPAsset.asset
  artifactKey: Guid(5e6cbd92db86f4b18aec3ed561671858) Importer(2089858483,b0f066a214c2f5e87bad3c948f4d605d)
Start importing Assets/Settings/Mobile_RPAsset.asset using Guid(5e6cbd92db86f4b18aec3ed561671858) Importer(2089858483,b0f066a214c2f5e87bad3c948f4d605d) (ScriptedImporter) -> (artifact id: 'df21b2cb54c9dc9f3678bae5aa4ec27c') in 0.020345875 seconds
Number of updated asset objects reloaded before import = 0Number of asset objects unloaded after import = 2

========================================================================
Received Import Request.
  Time since last request: 0.000034 seconds.
  path: Assets/Settings/PC_RPAsset.asset
  artifactKey: Guid(4b83569d67af61e458304325a23e5dfd) Importer(2089858483,b0f066a214c2f5e87bad3c948f4d605d)
Start importing Assets/Settings/PC_RPAsset.asset using Guid(4b83569d67af61e458304325a23e5dfd) Importer(2089858483,b0f066a214c2f5e87bad3c948f4d605d) (ScriptedImporter) -> (artifact id: '5f6d064f726e991606e4b20e51e216a3') in 0.005422416 seconds
Number of updated asset objects reloaded before import = 0Number of asset objects unloaded after import = 1

========================================================================
Received Import Request.
  Time since last request: 202.985463 seconds.
  path: Assets
  artifactKey: Guid(00000000000000001000000000000000) Importer(815301076,1909f56bfc062723c751e8b465ee728b)
Start importing Assets using Guid(00000000000000001000000000000000) Importer(815301076,1909f56bfc062723c751e8b465ee728b) (PreviewImporter) -> (artifact id: 'c391582d739b6e62a5220f35cbb167ac') in 0.002375583 seconds
Number of updated asset objects reloaded before import = 0Number of asset objects unloaded after import = 0

========================================================================
Received Prepare
Begin MonoManager ReloadAssembly
[Licensing::Client] Successfully resolved entitlement details
Thread 0x17099f000 may have been prematurely finalized
- Loaded All Assemblies, in  0.412 seconds
Refreshing native plugins compatible for Editor in 0.32 ms, found 1 plugins.
Native extension for Android target not found
Native extension for OSXStandalone target not found
Native extension for WebGL target not found
[Package Manager] Failed to launch server process. Reason: Unity was launched with the -noUpm command-line argument
[Package Manager] Unable to send message (not connected to server process).
[Package Manager] Cannot connect to Unity Package Manager local server
Mono: successfully reloaded assembly
- Finished resetting the current domain, in  0.419 seconds
Domain Reload Profiling: 832ms
	BeginReloadAssembly (129ms)
		ExecutionOrderSort (0ms)
		DisableScriptedObjects (5ms)
		BackupInstance (0ms)
		ReleaseScriptingObjects (0ms)
		CreateAndSetChildDomain (43ms)
	RebuildCommonClasses (22ms)
	RebuildNativeTypeToScriptingClass (9ms)
	initialDomainReloadingComplete (12ms)
	LoadAllAssembliesAndSetupDomain (242ms)
		LoadAssemblies (178ms)
		RebuildTransferFunctionScriptingTraits (0ms)
		AnalyzeDomain (102ms)
			TypeCache.Refresh (7ms)
				TypeCache.ScanAssembly (0ms)
			BuildScriptInfoCaches (86ms)
			ResolveRequiredComponents (5ms)
	FinalizeReload (419ms)
		ReleaseScriptCaches (0ms)
		RebuildScriptCaches (0ms)
		SetupLoadedEditorAssemblies (315ms)
			LogAssemblyErrors (0ms)
			InitializePlatformSupportModulesInManaged (4ms)
			SetLoadedEditorAssemblies (2ms)
			BeforeProcessingInitializeOnLoad (89ms)
			ProcessInitializeOnLoadAttributes (184ms)
			ProcessInitializeOnLoadMethodAttributes (36ms)
			AfterProcessingInitializeOnLoad (1ms)
			EditorAssembliesLoaded (0ms)
		ExecutionOrderSort2 (0ms)
		AwakeInstancesAfterBackupRestoration (7ms)
WARNING: Shader Unsupported: 'Universal Render Pipeline/VR/SpatialMapping/Wireframe' - All subshaders removed
WARNING: Shader Did you use #pragma only_renderers and omit this platform?
WARNING: Shader If subshaders removal was intentional, you may have forgotten turning Fallback off?
WARNING: Shader Unsupported: 'Universal Render Pipeline/VR/SpatialMapping/Wireframe' - All subshaders removed
WARNING: Shader Did you use #pragma only_renderers and omit this platform?
WARNING: Shader If subshaders removal was intentional, you may have forgotten turning Fallback off?
Refreshing native plugins compatible for Editor in 0.33 ms, found 1 plugins.
Preloading 0 native plugins for Editor in 0.00 ms.
Unloading 17 Unused Serialized files (Serialized files now loaded: 0)
Unloading 6180 unused Assets / (2.8 MB). Loaded Objects now: 7000.
Memory consumption went from 167.9 MB to 165.0 MB.
Total: 6.561625 ms (FindLiveObjects: 0.341333 ms CreateObjectMapping: 0.138125 ms MarkObjects: 4.967792 ms  DeleteObjects: 1.114250 ms)

Prepare: number of updated asset objects reloaded= 0
========================================================================
Received Prepare
Begin MonoManager ReloadAssembly
[Licensing::Client] Successfully resolved entitlement details
Thread 0x16dc6f000 may have been prematurely finalized
- Loaded All Assemblies, in  0.373 seconds
Refreshing native plugins compatible for Editor in 0.21 ms, found 1 plugins.
Native extension for Android target not found
Native extension for OSXStandalone target not found
Native extension for WebGL target not found
[Package Manager] Failed to launch server process. Reason: Unity was launched with the -noUpm command-line argument
[Package Manager] Unable to send message (not connected to server process).
[Package Manager] Cannot connect to Unity Package Manager local server
Mono: successfully reloaded assembly
- Finished resetting the current domain, in  0.388 seconds
Domain Reload Profiling: 763ms
	BeginReloadAssembly (91ms)
		ExecutionOrderSort (0ms)
		DisableScriptedObjects (3ms)
		BackupInstance (0ms)
		ReleaseScriptingObjects (0ms)
		CreateAndSetChildDomain (23ms)
	RebuildCommonClasses (22ms)
	RebuildNativeTypeToScriptingClass (9ms)
	initialDomainReloadingComplete (11ms)
	LoadAllAssembliesAndSetupDomain (242ms)
		LoadAssemblies (179ms)
		RebuildTransferFunctionScriptingTraits (0ms)
		AnalyzeDomain (94ms)
			TypeCache.Refresh (7ms)
				TypeCache.ScanAssembly (0ms)
			BuildScriptInfoCaches (78ms)
			ResolveRequiredComponents (5ms)
	FinalizeReload (389ms)
		ReleaseScriptCaches (0ms)
		RebuildScriptCaches (0ms)
		SetupLoadedEditorAssemblies (298ms)
			LogAssemblyErrors (0ms)
			InitializePlatformSupportModulesInManaged (5ms)
			SetLoadedEditorAssemblies (2ms)
			BeforeProcessingInitializeOnLoad (87ms)
			ProcessInitializeOnLoadAttributes (166ms)
			ProcessInitializeOnLoadMethodAttributes (38ms)
			AfterProcessingInitializeOnLoad (1ms)
			EditorAssembliesLoaded (0ms)
		ExecutionOrderSort2 (0ms)
		AwakeInstancesAfterBackupRestoration (7ms)
WARNING: Shader Unsupported: 'Universal Render Pipeline/VR/SpatialMapping/Wireframe' - All subshaders removed
WARNING: Shader Did you use #pragma only_renderers and omit this platform?
WARNING: Shader If subshaders removal was intentional, you may have forgotten turning Fallback off?
WARNING: Shader Unsupported: 'Universal Render Pipeline/VR/SpatialMapping/Wireframe' - All subshaders removed
WARNING: Shader Did you use #pragma only_renderers and omit this platform?
WARNING: Shader If subshaders removal was intentional, you may have forgotten turning Fallback off?
Refreshing native plugins compatible for Editor in 0.30 ms, found 1 plugins.
Preloading 0 native plugins for Editor in 0.00 ms.
Unloading 17 Unused Serialized files (Serialized files now loaded: 0)
Unloading 6179 unused Assets / (3.1 MB). Loaded Objects now: 7003.
Memory consumption went from 173.2 MB to 170.2 MB.
Total: 6.346416 ms (FindLiveObjects: 0.350334 ms CreateObjectMapping: 0.138416 ms MarkObjects: 4.706459 ms  DeleteObjects: 1.148541 ms)

Prepare: number of updated asset objects reloaded= 0
========================================================================
Received Import Request.
  Time since last request: 795.057059 seconds.
  path: Assets/TutorialInfo
  artifactKey: Guid(ba062aa6c92b140379dbc06b43dd3b9b) Importer(815301076,1909f56bfc062723c751e8b465ee728b)
Start importing Assets/TutorialInfo using Guid(ba062aa6c92b140379dbc06b43dd3b9b) Importer(815301076,1909f56bfc062723c751e8b465ee728b) (PreviewImporter) -> (artifact id: 'bd0ce3b9fb2b0078fcd59af112aef3b6') in 0.001948542 seconds
Number of updated asset objects reloaded before import = 0Number of asset objects unloaded after import = 0

========================================================================
Received Import Request.
  Time since last request: 40.189729 seconds.
  path: Assets/Scenes
  artifactKey: Guid(cdabf286d493f49e9926937932d5304e) Importer(815301076,1909f56bfc062723c751e8b465ee728b)
Start importing Assets/Scenes using Guid(cdabf286d493f49e9926937932d5304e) Importer(815301076,1909f56bfc062723c751e8b465ee728b) (PreviewImporter) -> (artifact id: '8491894af7d9eddcaed9886d9936bc0d') in 0.000307 seconds
Number of updated asset objects reloaded before import = 0Number of asset objects unloaded after import = 0

========================================================================
Received Import Request.
  Time since last request: 3.010525 seconds.
  path: Assets/Scenes/SampleScene
  artifactKey: Guid(4e21a982b26af41e3b6dbbce86341ecf) Importer(815301076,1909f56bfc062723c751e8b465ee728b)
Start importing Assets/Scenes/SampleScene using Guid(4e21a982b26af41e3b6dbbce86341ecf) Importer(815301076,1909f56bfc062723c751e8b465ee728b) (PreviewImporter) -> (artifact id: '660ef0c68cef6587b6c928345544e04f') in 0.0002885 seconds
Number of updated asset objects reloaded before import = 0Number of asset objects unloaded after import = 0

========================================================================
Received Import Request.
  Time since last request: 10.955832 seconds.
  path: Assets/Scenes/SampleScene
  artifactKey: Guid(4e21a982b26af41e3b6dbbce86341ecf) Importer(2089858483,b0f066a214c2f5e87bad3c948f4d605d)
Start importing Assets/Scenes/SampleScene using Guid(4e21a982b26af41e3b6dbbce86341ecf) Importer(2089858483,b0f066a214c2f5e87bad3c948f4d605d) (ScriptedImporter) -> (artifact id: '258e5dbb076b362fca462ab63dbecbfd') in 0.020943083 seconds
Number of updated asset objects reloaded before import = 0Number of asset objects unloaded after import = 1

========================================================================
Received Import Request.
  Time since last request: 0.000035 seconds.
  path: Assets/Scenes/SampleScene/LightingData.asset
  artifactKey: Guid(723740b1c33554886aed64df3526e756) Importer(2089858483,b0f066a214c2f5e87bad3c948f4d605d)
Start importing Assets/Scenes/SampleScene/LightingData.asset using Guid(723740b1c33554886aed64df3526e756) Importer(2089858483,b0f066a214c2f5e87bad3c948f4d605d) (ScriptedImporter) -> (artifact id: 'add3a535e86e770b9cea92a36bce7ebd') in 0.012751959 seconds
Number of updated asset objects reloaded before import = 0Number of asset objects unloaded after import = 2

========================================================================
Received Import Request.
  Time since last request: 3.830386 seconds.
  path: Assets/World
  artifactKey: Guid(58b40b8d37cd14f4cbc2cb1b96155f33) Importer(815301076,1909f56bfc062723c751e8b465ee728b)
Start importing Assets/World using Guid(58b40b8d37cd14f4cbc2cb1b96155f33) Importer(815301076,1909f56bfc062723c751e8b465ee728b) (PreviewImporter) -> (artifact id: '8c213b2cce5cb726a18a3e69e753f7af') in 0.0005875 seconds
Number of updated asset objects reloaded before import = 0Number of asset objects unloaded after import = 0

========================================================================
Received Import Request.
  Time since last request: 0.970498 seconds.
  path: Assets/World
  artifactKey: Guid(58b40b8d37cd14f4cbc2cb1b96155f33) Importer(2089858483,b0f066a214c2f5e87bad3c948f4d605d)
Start importing Assets/World using Guid(58b40b8d37cd14f4cbc2cb1b96155f33) Importer(2089858483,b0f066a214c2f5e87bad3c948f4d605d) (ScriptedImporter) -> (artifact id: 'a0198f44a6b37ef9bdf9dee2865a7d1d') in 0.002046833 seconds
Number of updated asset objects reloaded before import = 0Number of asset objects unloaded after import = 1

========================================================================
Received Import Request.
  Time since last request: 19.433270 seconds.
  path: Assets/World/Scenes
  artifactKey: Guid(f1ff5d5ccfc2a4149b52d551e0bb8416) Importer(815301076,1909f56bfc062723c751e8b465ee728b)
Start importing Assets/World/Scenes using Guid(f1ff5d5ccfc2a4149b52d551e0bb8416) Importer(815301076,1909f56bfc062723c751e8b465ee728b) (PreviewImporter) -> (artifact id: 'a2a4680a5ad451dba7090a232bdcd662') in 0.000421333 seconds
Number of updated asset objects reloaded before import = 0Number of asset objects unloaded after import = 0

========================================================================
Received Import Request.
  Time since last request: 0.974916 seconds.
  path: Assets/World/Scenes
  artifactKey: Guid(f1ff5d5ccfc2a4149b52d551e0bb8416) Importer(2089858483,b0f066a214c2f5e87bad3c948f4d605d)
Start importing Assets/World/Scenes using Guid(f1ff5d5ccfc2a4149b52d551e0bb8416) Importer(2089858483,b0f066a214c2f5e87bad3c948f4d605d) (ScriptedImporter) -> (artifact id: '4e731006964f77992ff783d74d975661') in 0.002389458 seconds
Number of updated asset objects reloaded before import = 0Number of asset objects unloaded after import = 1

========================================================================
Received Import Request.
  Time since last request: 15.902659 seconds.
  path: Assets/World/Scripts
  artifactKey: Guid(a4b2a9d9874b14528b98797c605d065c) Importer(815301076,1909f56bfc062723c751e8b465ee728b)
Start importing Assets/World/Scripts using Guid(a4b2a9d9874b14528b98797c605d065c) Importer(815301076,1909f56bfc062723c751e8b465ee728b) (PreviewImporter) -> (artifact id: '23664e952568d55d43eacd9d530c69c6') in 0.000475875 seconds
Number of updated asset objects reloaded before import = 0Number of asset objects unloaded after import = 0

========================================================================
Received Import Request.
  Time since last request: 0.973503 seconds.
  path: Assets/World/Scripts
  artifactKey: Guid(a4b2a9d9874b14528b98797c605d065c) Importer(2089858483,b0f066a214c2f5e87bad3c948f4d605d)
Start importing Assets/World/Scripts using Guid(a4b2a9d9874b14528b98797c605d065c) Importer(2089858483,b0f066a214c2f5e87bad3c948f4d605d) (ScriptedImporter) -> (artifact id: '2ec29907bb0f938f66f473cea51d402a') in 0.001740375 seconds
Number of updated asset objects reloaded before import = 0Number of asset objects unloaded after import = 1

========================================================================
Received Import Request.
  Time since last request: 8.295623 seconds.
  path: Assets/World/Materials
  artifactKey: Guid(67888e5943163491a896c9cdb98d02b3) Importer(815301076,1909f56bfc062723c751e8b465ee728b)
Start importing Assets/World/Materials using Guid(67888e5943163491a896c9cdb98d02b3) Importer(815301076,1909f56bfc062723c751e8b465ee728b) (PreviewImporter) -> (artifact id: '13f90ac92866a1302b3a6ae29601e4dc') in 0.000467 seconds
Number of updated asset objects reloaded before import = 0Number of asset objects unloaded after import = 0

========================================================================
Received Import Request.
  Time since last request: 0.974906 seconds.
  path: Assets/World/Materials
  artifactKey: Guid(67888e5943163491a896c9cdb98d02b3) Importer(2089858483,b0f066a214c2f5e87bad3c948f4d605d)
Start importing Assets/World/Materials using Guid(67888e5943163491a896c9cdb98d02b3) Importer(2089858483,b0f066a214c2f5e87bad3c948f4d605d) (ScriptedImporter) -> (artifact id: '38c86cc66a7928e69b2998fb19f58bcb') in 0.001836 seconds
Number of updated asset objects reloaded before import = 0Number of asset objects unloaded after import = 1

========================================================================
Received Import Request.
  Time since last request: 4.990300 seconds.
  path: Assets/World/Model
  artifactKey: Guid(b177acb9b13a549ebbc3d15069eee7a4) Importer(815301076,1909f56bfc062723c751e8b465ee728b)
Start importing Assets/World/Model using Guid(b177acb9b13a549ebbc3d15069eee7a4) Importer(815301076,1909f56bfc062723c751e8b465ee728b) (PreviewImporter) -> (artifact id: '845c1144533b7301e01d2012a69abbbc') in 0.000383458 seconds
Number of updated asset objects reloaded before import = 0Number of asset objects unloaded after import = 0

========================================================================
Received Import Request.
  Time since last request: 0.974955 seconds.
  path: Assets/World/Model
  artifactKey: Guid(b177acb9b13a549ebbc3d15069eee7a4) Importer(2089858483,b0f066a214c2f5e87bad3c948f4d605d)
Start importing Assets/World/Model using Guid(b177acb9b13a549ebbc3d15069eee7a4) Importer(2089858483,b0f066a214c2f5e87bad3c948f4d605d) (ScriptedImporter) -> (artifact id: '86cc84b6e8b5d952dcbcbc07ea97117d') in 0.001985 seconds
Number of updated asset objects reloaded before import = 0Number of asset objects unloaded after import = 1

========================================================================
Received Import Request.
  Time since last request: 9.677198 seconds.
  path: Assets/World/Audio
  artifactKey: Guid(d9f37b1d57f4b432f8423ebb81f5b82b) Importer(815301076,1909f56bfc062723c751e8b465ee728b)
Start importing Assets/World/Audio using Guid(d9f37b1d57f4b432f8423ebb81f5b82b) Importer(815301076,1909f56bfc062723c751e8b465ee728b) (PreviewImporter) -> (artifact id: '69fb792cc03c11bd8baae0054965c0c6') in 0.0004745 seconds
Number of updated asset objects reloaded before import = 0Number of asset objects unloaded after import = 0

========================================================================
Received Import Request.
  Time since last request: 0.973011 seconds.
  path: Assets/World/Audio
  artifactKey: Guid(d9f37b1d57f4b432f8423ebb81f5b82b) Importer(2089858483,b0f066a214c2f5e87bad3c948f4d605d)
Start importing Assets/World/Audio using Guid(d9f37b1d57f4b432f8423ebb81f5b82b) Importer(2089858483,b0f066a214c2f5e87bad3c948f4d605d) (ScriptedImporter) -> (artifact id: '8aad9e7c5d70188eea58c189ebb91f04') in 0.001766708 seconds
Number of updated asset objects reloaded before import = 0Number of asset objects unloaded after import = 1

========================================================================
Received Import Request.
  Time since last request: 74.509142 seconds.
  path: Assets/World/Scenes/World.unity
  artifactKey: Guid(119af419c476548148b1349377ffc9f3) Importer(2089858483,b0f066a214c2f5e87bad3c948f4d605d)
Start importing Assets/World/Scenes/World.unity using Guid(119af419c476548148b1349377ffc9f3) Importer(2089858483,b0f066a214c2f5e87bad3c948f4d605d) (ScriptedImporter) -> (artifact id: '69f93bea68baf82891b0ea7abb4dd78d') in 0.005111917 seconds
Number of updated asset objects reloaded before import = 0Number of asset objects unloaded after import = 1

========================================================================
Received Import Request.
  Time since last request: 1.416528 seconds.
  path: Assets/World/Scenes/World.unity
  artifactKey: Guid(119af419c476548148b1349377ffc9f3) Importer(815301076,1909f56bfc062723c751e8b465ee728b)
Start importing Assets/World/Scenes/World.unity using Guid(119af419c476548148b1349377ffc9f3) Importer(815301076,1909f56bfc062723c751e8b465ee728b) (PreviewImporter) -> (artifact id: 'e1de3f17fde7153e3f3cf1bb8f3b8b9f') in 0.0003235 seconds
Number of updated asset objects reloaded before import = 0Number of asset objects unloaded after import = 0

========================================================================
Received Import Request.
  Time since last request: 90.791499 seconds.
  path: Assets/World/Materials/Blue.mat
  artifactKey: Guid(6d16a7c1e309a4bdfaf92e5eba120424) Importer(815301076,1909f56bfc062723c751e8b465ee728b)
Start importing Assets/World/Materials/Blue.mat using Guid(6d16a7c1e309a4bdfaf92e5eba120424) Importer(815301076,1909f56bfc062723c751e8b465ee728b) (PreviewImporter) -> (artifact id: '1a3f2b7248823ef38622275381232590') in 2.711930834 seconds
Number of updated asset objects reloaded before import = 0Number of asset objects unloaded after import = 1

========================================================================
Received Import Request.
  Time since last request: 31.245485 seconds.
  path: Assets/World/Materials/Blue.mat
  artifactKey: Guid(6d16a7c1e309a4bdfaf92e5eba120424) Importer(815301076,1909f56bfc062723c751e8b465ee728b)
Start importing Assets/World/Materials/Blue.mat using Guid(6d16a7c1e309a4bdfaf92e5eba120424) Importer(815301076,1909f56bfc062723c751e8b465ee728b) (PreviewImporter) -> (artifact id: '6974778f7afd9577a1561e605f2a5638') in 0.012543917 seconds
Number of updated asset objects reloaded before import = 0Number of asset objects unloaded after import = 1

========================================================================
Received Import Request.
  Time since last request: 0.952615 seconds.
  path: Assets/World/Materials/Blue.mat
  artifactKey: Guid(6d16a7c1e309a4bdfaf92e5eba120424) Importer(2089858483,b0f066a214c2f5e87bad3c948f4d605d)
Start importing Assets/World/Materials/Blue.mat using Guid(6d16a7c1e309a4bdfaf92e5eba120424) Importer(2089858483,b0f066a214c2f5e87bad3c948f4d605d) (ScriptedImporter) -> (artifact id: '0b328e693bd6d801f1fa516d3fc90c87') in 0.007162209 seconds
Number of updated asset objects reloaded before import = 0Number of asset objects unloaded after import = 1

========================================================================
Received Import Request.
  Time since last request: 0.000048 seconds.
  path: Assets/World/Materials/Blue 1.mat
  artifactKey: Guid(9d3891f3fd42d470282762e89d1b4d2d) Importer(2089858483,b0f066a214c2f5e87bad3c948f4d605d)
Start importing Assets/World/Materials/Blue 1.mat using Guid(9d3891f3fd42d470282762e89d1b4d2d) Importer(2089858483,b0f066a214c2f5e87bad3c948f4d605d) (ScriptedImporter) -> (artifact id: '05d411911f81795b932e3c84c387fd93') in 0.002272 seconds
Number of updated asset objects reloaded before import = 0Number of asset objects unloaded after import = 1

========================================================================
Received Import Request.
  Time since last request: 1.590619 seconds.
  path: Assets/World/Materials/Red.mat
  artifactKey: Guid(9d3891f3fd42d470282762e89d1b4d2d) Importer(815301076,1909f56bfc062723c751e8b465ee728b)
Start importing Assets/World/Materials/Red.mat using Guid(9d3891f3fd42d470282762e89d1b4d2d) Importer(815301076,1909f56bfc062723c751e8b465ee728b) (PreviewImporter) -> (artifact id: 'eca148d7b770190cf525e40b717ec0a3') in 0.014520292 seconds
Number of updated asset objects reloaded before import = 0Number of asset objects unloaded after import = 1

========================================================================
Received Import Request.
  Time since last request: 0.957190 seconds.
  path: Assets/World/Materials/Red.mat
  artifactKey: Guid(9d3891f3fd42d470282762e89d1b4d2d) Importer(2089858483,b0f066a214c2f5e87bad3c948f4d605d)
Start importing Assets/World/Materials/Red.mat using Guid(9d3891f3fd42d470282762e89d1b4d2d) Importer(2089858483,b0f066a214c2f5e87bad3c948f4d605d) (ScriptedImporter) -> (artifact id: 'daeb91a27a42bdd1cf6d28d916c70128') in 0.002818667 seconds
Number of updated asset objects reloaded before import = 0Number of asset objects unloaded after import = 1

========================================================================
Received Import Request.
  Time since last request: 127.943531 seconds.
  path: Assets/World/Materials/Red.mat
  artifactKey: Guid(9d3891f3fd42d470282762e89d1b4d2d) Importer(815301076,1909f56bfc062723c751e8b465ee728b)
Start importing Assets/World/Materials/Red.mat using Guid(9d3891f3fd42d470282762e89d1b4d2d) Importer(815301076,1909f56bfc062723c751e8b465ee728b) (PreviewImporter) -> (artifact id: '8877ca923a30a56f1634327908411d58') in 0.023765667 seconds
Number of updated asset objects reloaded before import = 0Number of asset objects unloaded after import = 1

========================================================================
Received Import Request.
  Time since last request: 0.601448 seconds.
  path: Assets/World/Materials/Red.mat
  artifactKey: Guid(9d3891f3fd42d470282762e89d1b4d2d) Importer(2089858483,b0f066a214c2f5e87bad3c948f4d605d)
Start importing Assets/World/Materials/Red.mat using Guid(9d3891f3fd42d470282762e89d1b4d2d) Importer(2089858483,b0f066a214c2f5e87bad3c948f4d605d) (ScriptedImporter) -> (artifact id: 'a15ef517bf77db09527142bfee4b1bbe') in 0.002609042 seconds
Number of updated asset objects reloaded before import = 0Number of asset objects unloaded after import = 1

========================================================================
Received Import Request.
  Time since last request: 4.609066 seconds.
  path: Assets/Runemark Assets/Freebies/Polygon Desert Pack/Meshes/cactus2.fbx
  artifactKey: Guid(2b63748d5982bde4ebdd93a3a4ba6f76) Importer(2089858483,b0f066a214c2f5e87bad3c948f4d605d)
Start importing Assets/Runemark Assets/Freebies/Polygon Desert Pack/Meshes/cactus2.fbx using Guid(2b63748d5982bde4ebdd93a3a4ba6f76) Importer(2089858483,b0f066a214c2f5e87bad3c948f4d605d) (ScriptedImporter) -> (artifact id: '9dc9f7a0a77d631648d12f10e853daf4') in 0.0333015 seconds
Number of updated asset objects reloaded before import = 0Number of asset objects unloaded after import = 17

========================================================================
Received Import Request.
  Time since last request: 0.000052 seconds.
  path: Assets/Runemark Assets/Freebies/Polygon Desert Pack/Textures/Ground1.png
  artifactKey: Guid(627fd1662bf5fb849abcebcc237e15fa) Importer(2089858483,b0f066a214c2f5e87bad3c948f4d605d)
Start importing Assets/Runemark Assets/Freebies/Polygon Desert Pack/Textures/Ground1.png using Guid(627fd1662bf5fb849abcebcc237e15fa) Importer(2089858483,b0f066a214c2f5e87bad3c948f4d605d) (ScriptedImporter)[Licensing::Client] Successfully resolved entitlement details
[Licensing::Client] Successfully resolved entitlement details
 -> (artifact id: '13b91134784af84748482c587c859822') in 0.021859709 seconds
Number of updated asset objects reloaded before import = 0Number of asset objects unloaded after import = 1

========================================================================
Received Import Request.
  Time since last request: 0.000038 seconds.
  path: Assets/Runemark Assets/Freebies/Polygon Desert Pack/Prefabs/Cactus2.prefab
  artifactKey: Guid(65da5bb2d6e288b41baa018d8fec58f3) Importer(2089858483,b0f066a214c2f5e87bad3c948f4d605d)
Start importing Assets/Runemark Assets/Freebies/Polygon Desert Pack/Prefabs/Cactus2.prefab using Guid(65da5bb2d6e288b41baa018d8fec58f3) Importer(2089858483,b0f066a214c2f5e87bad3c948f4d605d) (ScriptedImporter) -> (artifact id: '6f8b1f75ecf447bb5427fde3c6091cb8') in 0.002475666 seconds
Number of updated asset objects reloaded before import = 0Number of asset objects unloaded after import = 19

========================================================================
Received Import Request.
  Time since last request: 0.000030 seconds.
  path: Assets/Runemark Assets/Freebies/Polygon Desert Pack/Textures
  artifactKey: Guid(a0f11c7e16051a2429e43219ac5c4c5e) Importer(2089858483,b0f066a214c2f5e87bad3c948f4d605d)
Start importing Assets/Runemark Assets/Freebies/Polygon Desert Pack/Textures using Guid(a0f11c7e16051a2429e43219ac5c4c5e) Importer(2089858483,b0f066a214c2f5e87bad3c948f4d605d) (ScriptedImporter) -> (artifact id: '9ec0702440a4f840434e3e6ef354e56e') in 0.001393584 seconds
Number of updated asset objects reloaded before import = 0Number of asset objects unloaded after import = 1

========================================================================
Received Import Request.
  Time since last request: 0.000035 seconds.
  path: Assets/Runemark Assets/Freebies/Polygon Desert Pack/Prefabs/Cactus3.prefab
  artifactKey: Guid(50294217694c1a145a9a3b86f853c022) Importer(2089858483,b0f066a214c2f5e87bad3c948f4d605d)
Start importing Assets/Runemark Assets/Freebies/Polygon Desert Pack/Prefabs/Cactus3.prefab using Guid(50294217694c1a145a9a3b86f853c022) Importer(2089858483,b0f066a214c2f5e87bad3c948f4d605d) (ScriptedImporter) -> (artifact id: '6535e933d1d2250f8669e1d0fc07c518') in 0.001889666 seconds
Number of updated asset objects reloaded before import = 0Number of asset objects unloaded after import = 14

========================================================================
Received Import Request.
  Time since last request: 0.000043 seconds.
  path: Assets/Runemark Assets/Freebies/Polygon Desert Pack/Materials/Ground.mat
  artifactKey: Guid(c0f96e6b229bfe24d85d8b8190d83096) Importer(2089858483,b0f066a214c2f5e87bad3c948f4d605d)
Start importing Assets/Runemark Assets/Freebies/Polygon Desert Pack/Materials/Ground.mat using Guid(c0f96e6b229bfe24d85d8b8190d83096) Importer(2089858483,b0f066a214c2f5e87bad3c948f4d605d) (ScriptedImporter) -> (artifact id: '6eba3b573654cccb6c3a0f6550441627') in 0.003134625 seconds
Number of updated asset objects reloaded before import = 0Number of asset objects unloaded after import = 1

========================================================================
Received Import Request.
  Time since last request: 0.000034 seconds.
  path: Assets/Runemark Assets/Freebies/Polygon Desert Pack/Prefabs/rock08.prefab
  artifactKey: Guid(a45f923de9555884cbe160883ce87a74) Importer(2089858483,b0f066a214c2f5e87bad3c948f4d605d)
Start importing Assets/Runemark Assets/Freebies/Polygon Desert Pack/Prefabs/rock08.prefab using Guid(a45f923de9555884cbe160883ce87a74) Importer(2089858483,b0f066a214c2f5e87bad3c948f4d605d) (ScriptedImporter) -> (artifact id: '0a0374b7af312e2f255d1407514a2a37') in 0.001802625 seconds
Number of updated asset objects reloaded before import = 0Number of asset objects unloaded after import = 9

========================================================================
Received Import Request.
  Time since last request: 0.000037 seconds.
  path: Assets/_TerrainAutoUpgrade/layer_Ground2cc0f254a2c535401.terrainlayer
  artifactKey: Guid(e39bcb722616d446b9013b3cfd4dc53b) Importer(2089858483,b0f066a214c2f5e87bad3c948f4d605d)
Start importing Assets/_TerrainAutoUpgrade/layer_Ground2cc0f254a2c535401.terrainlayer using Guid(e39bcb722616d446b9013b3cfd4dc53b) Importer(2089858483,b0f066a214c2f5e87bad3c948f4d605d) (ScriptedImporter) -> (artifact id: 'ab81a401fb7ae2a7883a428ed62fe6df') in 0.002255875 seconds
Number of updated asset objects reloaded before import = 0Number of asset objects unloaded after import = 2

========================================================================
Received Import Request.
  Time since last request: 0.000058 seconds.
  path: Assets/Runemark Assets/Freebies/Polygon Desert Pack/New Terrain.asset
  artifactKey: Guid(e7768f54d1f39eb449aff729ac8ca838) Importer(2089858483,b0f066a214c2f5e87bad3c948f4d605d)
Start importing Assets/Runemark Assets/Freebies/Polygon Desert Pack/New Terrain.asset using Guid(e7768f54d1f39eb449aff729ac8ca838) Importer(2089858483,b0f066a214c2f5e87bad3c948f4d605d) (ScriptedImporter) -> (artifact id: '0157d770dc7e42db8dc5c305692fae4a') in 0.04292625 seconds
Number of updated asset objects reloaded before import = 0Number of asset objects unloaded after import = 8

========================================================================
Received Import Request.
  Time since last request: 0.000037 seconds.
  path: Assets/Runemark Assets/Freebies/Polygon Desert Pack/Meshes/rock06.obj
  artifactKey: Guid(e4b18b6fb72b43c41b46a3e43bfc6a0d) Importer(2089858483,b0f066a214c2f5e87bad3c948f4d605d)
Start importing Assets/Runemark Assets/Freebies/Polygon Desert Pack/Meshes/rock06.obj using Guid(e4b18b6fb72b43c41b46a3e43bfc6a0d) Importer(2089858483,b0f066a214c2f5e87bad3c948f4d605d) (ScriptedImporter) -> (artifact id: '803e41a4ef673a51d847fd17b10662a3') in 0.004356792 seconds
Number of updated asset objects reloaded before import = 0Number of asset objects unloaded after import = 9

========================================================================
Received Import Request.
  Time since last request: 0.000042 seconds.
  path: Assets/Runemark Assets/Freebies/Polygon Desert Pack/Prefabs/Aloe.prefab
  artifactKey: Guid(8a13b3dbbf597744192ac4a84ebb93c6) Importer(2089858483,b0f066a214c2f5e87bad3c948f4d605d)
Start importing Assets/Runemark Assets/Freebies/Polygon Desert Pack/Prefabs/Aloe.prefab using Guid(8a13b3dbbf597744192ac4a84ebb93c6) Importer(2089858483,b0f066a214c2f5e87bad3c948f4d605d) (ScriptedImporter) -> (artifact id: '1f0390632f3de4678cf1c52d17b2949d') in 0.002095084 seconds
Number of updated asset objects reloaded before import = 0Number of asset objects unloaded after import = 9

========================================================================
Received Import Request.
  Time since last request: 0.000045 seconds.
  path: Assets/Runemark Assets/Freebies/Polygon Desert Pack/Meshes/rock01.obj
  artifactKey: Guid(afda6ded61894c04ea11228d2b4323c9) Importer(2089858483,b0f066a214c2f5e87bad3c948f4d605d)
Start importing Assets/Runemark Assets/Freebies/Polygon Desert Pack/Meshes/rock01.obj using Guid(afda6ded61894c04ea11228d2b4323c9) Importer(2089858483,b0f066a214c2f5e87bad3c948f4d605d) (ScriptedImporter) -> (artifact id: '2200032fd32794aad15d40c4e16e7b14') in 0.0038045 seconds
Number of updated asset objects reloaded before import = 0Number of asset objects unloaded after import = 9

========================================================================
Received Import Request.
  Time since last request: 0.000034 seconds.
  path: Assets/Runemark Assets/Freebies/Polygon Desert Pack/Materials/Aloe.mat
  artifactKey: Guid(a58be5973538d264eb695c3db32e1d17) Importer(2089858483,b0f066a214c2f5e87bad3c948f4d605d)
Start importing Assets/Runemark Assets/Freebies/Polygon Desert Pack/Materials/Aloe.mat using Guid(a58be5973538d264eb695c3db32e1d17) Importer(2089858483,b0f066a214c2f5e87bad3c948f4d605d) (ScriptedImporter) -> (artifact id: 'da40de0f5ee79b43bdeca914f12c95cb') in 0.001974125 seconds
Number of updated asset objects reloaded before import = 0Number of asset objects unloaded after import = 1

========================================================================
Received Import Request.
  Time since last request: 0.000035 seconds.
  path: Assets/Runemark Assets/Freebies/Polygon Desert Pack/DesertSceneSettings.lighting
  artifactKey: Guid(01363a7fd133145ef8544331884b1264) Importer(2089858483,b0f066a214c2f5e87bad3c948f4d605d)
Start importing Assets/Runemark Assets/Freebies/Polygon Desert Pack/DesertSceneSettings.lighting using Guid(01363a7fd133145ef8544331884b1264) Importer(2089858483,b0f066a214c2f5e87bad3c948f4d605d) (ScriptedImporter) -> (artifact id: '6d596d83efa3568986ecec8d3aa4d90a') in 0.00461075 seconds
Number of updated asset objects reloaded before import = 0Number of asset objects unloaded after import = 1

========================================================================
Received Import Request.
  Time since last request: 0.000031 seconds.
  path: Assets/Runemark Assets/Freebies/Polygon Desert Pack/Textures/Ground3.png
  artifactKey: Guid(34747b8529f143c48a347ad5aef7f8df) Importer(2089858483,b0f066a214c2f5e87bad3c948f4d605d)
Start importing Assets/Runemark Assets/Freebies/Polygon Desert Pack/Textures/Ground3.png using Guid(34747b8529f143c48a347ad5aef7f8df) Importer(2089858483,b0f066a214c2f5e87bad3c948f4d605d) (ScriptedImporter) -> (artifact id: 'd0454f019a3b23ce56f44a1c161fde09') in 0.003346333 seconds
Number of updated asset objects reloaded before import = 0Number of asset objects unloaded after import = 1

========================================================================
Received Import Request.
  Time since last request: 0.000030 seconds.
  path: Assets/Runemark Assets/Freebies/Polygon Desert Pack/DesertScene.unity
  artifactKey: Guid(53f5a0914b195b74abc2fb43a9e2ce22) Importer(2089858483,b0f066a214c2f5e87bad3c948f4d605d)
Start importing Assets/Runemark Assets/Freebies/Polygon Desert Pack/DesertScene.unity using Guid(53f5a0914b195b74abc2fb43a9e2ce22) Importer(2089858483,b0f066a214c2f5e87bad3c948f4d605d) (ScriptedImporter) -> (artifact id: 'ac84267da0afb2aa701d9a9615f70113') in 0.004527625 seconds
Number of updated asset objects reloaded before import = 0Number of asset objects unloaded after import = 1

========================================================================
Received Import Request.
  Time since last request: 0.000071 seconds.
  path: Assets/Runemark Assets/Freebies/Polygon Desert Pack/Meshes/rock08.obj
  artifactKey: Guid(acdaefb8a11ff7f4bacce3c8b0ceb3e1) Importer(2089858483,b0f066a214c2f5e87bad3c948f4d605d)
Start importing Assets/Runemark Assets/Freebies/Polygon Desert Pack/Meshes/rock08.obj using Guid(acdaefb8a11ff7f4bacce3c8b0ceb3e1) Importer(2089858483,b0f066a214c2f5e87bad3c948f4d605d) (ScriptedImporter) -> (artifact id: '4d885b7a776fa152fde8ebbaf9e14fe7') in 0.003076917 seconds
Number of updated asset objects reloaded before import = 0Number of asset objects unloaded after import = 9

========================================================================
Received Import Request.
  Time since last request: 0.000031 seconds.
  path: Assets/Runemark Assets/Freebies/Polygon Desert Pack/Meshes/rock04.obj
  artifactKey: Guid(f0047113c601ad647a5e275454470442) Importer(2089858483,b0f066a214c2f5e87bad3c948f4d605d)
Start importing Assets/Runemark Assets/Freebies/Polygon Desert Pack/Meshes/rock04.obj using Guid(f0047113c601ad647a5e275454470442) Importer(2089858483,b0f066a214c2f5e87bad3c948f4d605d) (ScriptedImporter) -> (artifact id: '457f7791eec289d839dcd620a66d4b3a') in 0.002949209 seconds
Number of updated asset objects reloaded before import = 0Number of asset objects unloaded after import = 9

========================================================================
Received Import Request.
  Time since last request: 0.000033 seconds.
  path: Assets/Runemark Assets/Freebies/Polygon Desert Pack/Meshes/cactus1.fbx
  artifactKey: Guid(62a4c8a915a980040a05c9e8e080236a) Importer(2089858483,b0f066a214c2f5e87bad3c948f4d605d)
Start importing Assets/Runemark Assets/Freebies/Polygon Desert Pack/Meshes/cactus1.fbx using Guid(62a4c8a915a980040a05c9e8e080236a) Importer(2089858483,b0f066a214c2f5e87bad3c948f4d605d) (ScriptedImporter) -> (artifact id: 'f564909b38bad1e3f48d5ce40e439ebe') in 0.003678375 seconds
Number of updated asset objects reloaded before import = 0Number of asset objects unloaded after import = 7

========================================================================
Received Import Request.
  Time since last request: 0.000030 seconds.
  path: Assets/_TerrainAutoUpgrade
  artifactKey: Guid(d5be190743b5d44c18c07f803fe14315) Importer(2089858483,b0f066a214c2f5e87bad3c948f4d605d)
Start importing Assets/_TerrainAutoUpgrade using Guid(d5be190743b5d44c18c07f803fe14315) Importer(2089858483,b0f066a214c2f5e87bad3c948f4d605d) (ScriptedImporter) -> (artifact id: '8b71df860e9df275c29f01be4176f88e') in 0.001033208 seconds
Number of updated asset objects reloaded before import = 0Number of asset objects unloaded after import = 1

========================================================================
Received Import Request.
  Time since last request: 0.000035 seconds.
  path: Assets/Runemark Assets/Freebies/Polygon Desert Pack/Prefabs/rock07.prefab
  artifactKey: Guid(802bd3dc24c20394ca2037c1b9c882a0) Importer(2089858483,b0f066a214c2f5e87bad3c948f4d605d)
Start importing Assets/Runemark Assets/Freebies/Polygon Desert Pack/Prefabs/rock07.prefab using Guid(802bd3dc24c20394ca2037c1b9c882a0) Importer(2089858483,b0f066a214c2f5e87bad3c948f4d605d) (ScriptedImporter) -> (artifact id: '50405da10dc3c3fb114f3ddb51b11f48') in 0.00176275 seconds
Number of updated asset objects reloaded before import = 0Number of asset objects unloaded after import = 9

========================================================================
Received Import Request.
  Time since last request: 0.000031 seconds.
  path: Assets/Runemark Assets/Freebies/Polygon Desert Pack/Meshes
  artifactKey: Guid(89a4ce1f36a99834e83983fa9aafb62a) Importer(2089858483,b0f066a214c2f5e87bad3c948f4d605d)
Start importing Assets/Runemark Assets/Freebies/Polygon Desert Pack/Meshes using Guid(89a4ce1f36a99834e83983fa9aafb62a) Importer(2089858483,b0f066a214c2f5e87bad3c948f4d605d) (ScriptedImporter) -> (artifact id: '33c39cb360a2d5c22b23595eb1d92b9e') in 0.001412458 seconds
Number of updated asset objects reloaded before import = 0Number of asset objects unloaded after import = 1

========================================================================
Received Import Request.
  Time since last request: 0.000085 seconds.
  path: Assets/Runemark Assets/Freebies/Polygon Desert Pack/Meshes/Materials/defaultMat.mat
  artifactKey: Guid(0d38055eacd2baa4d97eb3f818ff3e5c) Importer(2089858483,b0f066a214c2f5e87bad3c948f4d605d)
Start importing Assets/Runemark Assets/Freebies/Polygon Desert Pack/Meshes/Materials/defaultMat.mat using Guid(0d38055eacd2baa4d97eb3f818ff3e5c) Importer(2089858483,b0f066a214c2f5e87bad3c948f4d605d) (ScriptedImporter) -> (artifact id: '72a9ffc695d80159e60829cde53d5421') in 0.001844333 seconds
Number of updated asset objects reloaded before import = 0Number of asset objects unloaded after import = 1

========================================================================
Received Import Request.
  Time since last request: 0.000037 seconds.
  path: Assets/Runemark Assets/Freebies/Polygon Desert Pack/Meshes/cactus3.fbx
  artifactKey: Guid(1aec1266c0ec1804c8c87f521a7cfc61) Importer(2089858483,b0f066a214c2f5e87bad3c948f4d605d)
Start importing Assets/Runemark Assets/Freebies/Polygon Desert Pack/Meshes/cactus3.fbx using Guid(1aec1266c0ec1804c8c87f521a7cfc61) Importer(2089858483,b0f066a214c2f5e87bad3c948f4d605d) (ScriptedImporter) -> (artifact id: 'ab2417a98b54d5e76e9d60b8b8290ec1') in 0.004106917 seconds
Number of updated asset objects reloaded before import = 0Number of asset objects unloaded after import = 12

========================================================================
Received Import Request.
  Time since last request: 2.659774 seconds.
  path: Assets/Runemark Assets/Freebies
  artifactKey: Guid(c32a55a862d734435b36f0508112935c) Importer(815301076,1909f56bfc062723c751e8b465ee728b)
Start importing Assets/Runemark Assets/Freebies using Guid(c32a55a862d734435b36f0508112935c) Importer(815301076,1909f56bfc062723c751e8b465ee728b) (PreviewImporter) -> (artifact id: 'a47ef300997bd468813c3ba834a687d1') in 0.000298042 seconds
Number of updated asset objects reloaded before import = 0Number of asset objects unloaded after import = 0

========================================================================
Received Import Request.
  Time since last request: 0.753831 seconds.
  path: Assets/Runemark Assets/Freebies/Polygon Desert Pack
  artifactKey: Guid(5fd1250f6343e4bf885e26f114ad3fcc) Importer(815301076,1909f56bfc062723c751e8b465ee728b)
Start importing Assets/Runemark Assets/Freebies/Polygon Desert Pack using Guid(5fd1250f6343e4bf885e26f114ad3fcc) Importer(815301076,1909f56bfc062723c751e8b465ee728b) (PreviewImporter) -> (artifact id: '353b6b0d235030cc3555a126f7bbc377') in 0.000302292 seconds
Number of updated asset objects reloaded before import = 0Number of asset objects unloaded after import = 0

========================================================================
Received Import Request.
  Time since last request: 0.084043 seconds.
  path: Assets/Runemark Assets/Freebies/Polygon Desert Pack/New Terrain.asset
  artifactKey: Guid(e7768f54d1f39eb449aff729ac8ca838) Importer(815301076,1909f56bfc062723c751e8b465ee728b)
Start importing Assets/Runemark Assets/Freebies/Polygon Desert Pack/New Terrain.asset using Guid(e7768f54d1f39eb449aff729ac8ca838) Importer(815301076,1909f56bfc062723c751e8b465ee728b) (PreviewImporter) -> (artifact id: '26512c3d40b54d5d53f452c1d24e67c5') in 0.071615625 seconds
Number of updated asset objects reloaded before import = 0Number of asset objects unloaded after import = 9

========================================================================
Received Import Request.
  Time since last request: 4.875950 seconds.
  path: Assets/Runemark Assets/Freebies/Polygon Desert Pack/Textures
  artifactKey: Guid(a0f11c7e16051a2429e43219ac5c4c5e) Importer(815301076,1909f56bfc062723c751e8b465ee728b)
Start importing Assets/Runemark Assets/Freebies/Polygon Desert Pack/Textures using Guid(a0f11c7e16051a2429e43219ac5c4c5e) Importer(815301076,1909f56bfc062723c751e8b465ee728b) (PreviewImporter) -> (artifact id: '63a01fb1f44e16959f8278768b156a72') in 0.000376375 seconds
Number of updated asset objects reloaded before import = 0Number of asset objects unloaded after import = 0

========================================================================
Received Import Request.
  Time since last request: 0.050153 seconds.
  path: Assets/Runemark Assets/Freebies/Polygon Desert Pack/Textures/Ground1.png
  artifactKey: Guid(627fd1662bf5fb849abcebcc237e15fa) Importer(815301076,1909f56bfc062723c751e8b465ee728b)
Start importing Assets/Runemark Assets/Freebies/Polygon Desert Pack/Textures/Ground1.png using Guid(627fd1662bf5fb849abcebcc237e15fa) Importer(815301076,1909f56bfc062723c751e8b465ee728b) (PreviewImporter) -> (artifact id: 'd78aa975989dbc2d995bb089ca19152e') in 0.007757666 seconds
Number of updated asset objects reloaded before import = 0Number of asset objects unloaded after import = 2

========================================================================
Received Import Request.
  Time since last request: 0.000038 seconds.
  path: Assets/Runemark Assets/Freebies/Polygon Desert Pack/Textures/Ground3.png
  artifactKey: Guid(34747b8529f143c48a347ad5aef7f8df) Importer(815301076,1909f56bfc062723c751e8b465ee728b)
Start importing Assets/Runemark Assets/Freebies/Polygon Desert Pack/Textures/Ground3.png using Guid(34747b8529f143c48a347ad5aef7f8df) Importer(815301076,1909f56bfc062723c751e8b465ee728b) (PreviewImporter) -> (artifact id: 'fee00817f910247e2f42850ea1002187') in 0.005251292 seconds
Number of updated asset objects reloaded before import = 0Number of asset objects unloaded after import = 2

========================================================================
Received Import Request.
  Time since last request: 2.250805 seconds.
  path: Assets/Runemark Assets/Freebies/Polygon Desert Pack/Prefabs
  artifactKey: Guid(f26000e2a9284924e970e4237571ff26) Importer(815301076,1909f56bfc062723c751e8b465ee728b)
Start importing Assets/Runemark Assets/Freebies/Polygon Desert Pack/Prefabs using Guid(f26000e2a9284924e970e4237571ff26) Importer(815301076,1909f56bfc062723c751e8b465ee728b) (PreviewImporter) -> (artifact id: '8592f32b8ef449e81cf616d711a8fc85') in 0.000283917 seconds
Number of updated asset objects reloaded before import = 0Number of asset objects unloaded after import = 0

========================================================================
Received Import Request.
  Time since last request: 0.091652 seconds.
  path: Assets/Runemark Assets/Freebies/Polygon Desert Pack/Prefabs/Aloe.prefab
  artifactKey: Guid(8a13b3dbbf597744192ac4a84ebb93c6) Importer(815301076,1909f56bfc062723c751e8b465ee728b)
Start importing Assets/Runemark Assets/Freebies/Polygon Desert Pack/Prefabs/Aloe.prefab using Guid(8a13b3dbbf597744192ac4a84ebb93c6) Importer(815301076,1909f56bfc062723c751e8b465ee728b) (PreviewImporter) -> (artifact id: '1bbcd426192f27586176a8d8744dbe4a') in 0.025284667 seconds
Number of updated asset objects reloaded before import = 0Number of asset objects unloaded after import = 10

========================================================================
Received Import Request.
  Time since last request: 0.000051 seconds.
  path: Assets/Runemark Assets/Freebies/Polygon Desert Pack/Prefabs/rock01.prefab
  artifactKey: Guid(3e63f970932e56649b966445efd75396) Importer(815301076,1909f56bfc062723c751e8b465ee728b)
Start importing Assets/Runemark Assets/Freebies/Polygon Desert Pack/Prefabs/rock01.prefab using Guid(3e63f970932e56649b966445efd75396) Importer(815301076,1909f56bfc062723c751e8b465ee728b) (PreviewImporter) -> (artifact id: 'deaa5125953bc5b5698935570f05f8fe') in 0.004990459 seconds
Number of updated asset objects reloaded before import = 0Number of asset objects unloaded after import = 10

========================================================================
Received Import Request.
  Time since last request: 0.000042 seconds.
  path: Assets/Runemark Assets/Freebies/Polygon Desert Pack/Prefabs/rock02.prefab
  artifactKey: Guid(91af7a3706671b943974b6ef43812fab) Importer(815301076,1909f56bfc062723c751e8b465ee728b)
Start importing Assets/Runemark Assets/Freebies/Polygon Desert Pack/Prefabs/rock02.prefab using Guid(91af7a3706671b943974b6ef43812fab) Importer(815301076,1909f56bfc062723c751e8b465ee728b) (PreviewImporter) -> (artifact id: '7095468882787ac8af370dec695c889f') in 0.004894333 seconds
Number of updated asset objects reloaded before import = 0Number of asset objects unloaded after import = 10

========================================================================
Received Import Request.
  Time since last request: 0.000041 seconds.
  path: Assets/Runemark Assets/Freebies/Polygon Desert Pack/Prefabs/rock05.prefab
  artifactKey: Guid(bf07739386a93f443b373a919b97fbe7) Importer(815301076,1909f56bfc062723c751e8b465ee728b)
Start importing Assets/Runemark Assets/Freebies/Polygon Desert Pack/Prefabs/rock05.prefab using Guid(bf07739386a93f443b373a919b97fbe7) Importer(815301076,1909f56bfc062723c751e8b465ee728b) (PreviewImporter) -> (artifact id: '54439788edf66440b556c832e2168e8f') in 0.004862125 seconds
Number of updated asset objects reloaded before import = 0Number of asset objects unloaded after import = 10

========================================================================
Received Import Request.
  Time since last request: 0.000044 seconds.
  path: Assets/Runemark Assets/Freebies/Polygon Desert Pack/Prefabs/rock06.prefab
  artifactKey: Guid(b7bdd751d1270e14291b000d68d117c1) Importer(815301076,1909f56bfc062723c751e8b465ee728b)
Start importing Assets/Runemark Assets/Freebies/Polygon Desert Pack/Prefabs/rock06.prefab using Guid(b7bdd751d1270e14291b000d68d117c1) Importer(815301076,1909f56bfc062723c751e8b465ee728b) (PreviewImporter) -> (artifact id: '21a7ad3a8a16f189ff1ec43cfd6869ba') in 0.004906917 seconds
Number of updated asset objects reloaded before import = 0Number of asset objects unloaded after import = 10

========================================================================
Received Import Request.
  Time since last request: 0.000040 seconds.
  path: Assets/Runemark Assets/Freebies/Polygon Desert Pack/Prefabs/Cactus2.prefab
  artifactKey: Guid(65da5bb2d6e288b41baa018d8fec58f3) Importer(815301076,1909f56bfc062723c751e8b465ee728b)
Start importing Assets/Runemark Assets/Freebies/Polygon Desert Pack/Prefabs/Cactus2.prefab using Guid(65da5bb2d6e288b41baa018d8fec58f3) Importer(815301076,1909f56bfc062723c751e8b465ee728b) (PreviewImporter) -> (artifact id: 'ce7d1c64693453191f8cc011d6c78b2a') in 0.0498535 seconds
Number of updated asset objects reloaded before import = 0Number of asset objects unloaded after import = 21

========================================================================
Received Import Request.
  Time since last request: 67.586541 seconds.
  path: Assets/Runemark Assets/Freebies/Polygon Desert Pack/Prefabs/Cactus1.prefab
  artifactKey: Guid(575780dd1f55b7941803be0767c1e36e) Importer(815301076,1909f56bfc062723c751e8b465ee728b)
Start importing Assets/Runemark Assets/Freebies/Polygon Desert Pack/Prefabs/Cactus1.prefab using Guid(575780dd1f55b7941803be0767c1e36e) Importer(815301076,1909f56bfc062723c751e8b465ee728b) (PreviewImporter) -> (artifact id: '93b080252e56d3b2df0b734689cb0a20') in 0.014196041 seconds
Number of updated asset objects reloaded before import = 0Number of asset objects unloaded after import = 11

========================================================================
Received Import Request.
  Time since last request: 0.829283 seconds.
  path: Assets/Runemark Assets/Freebies/Polygon Desert Pack/Materials/Thorn.mat
  artifactKey: Guid(f5862a071b976404b90477399414fa74) Importer(2089858483,b0f066a214c2f5e87bad3c948f4d605d)
Start importing Assets/Runemark Assets/Freebies/Polygon Desert Pack/Materials/Thorn.mat using Guid(f5862a071b976404b90477399414fa74) Importer(2089858483,b0f066a214c2f5e87bad3c948f4d605d) (ScriptedImporter) -> (artifact id: '8c2eb9bb8430b8756d6dc9e65888ff49') in 0.002039166 seconds
Number of updated asset objects reloaded before import = 0Number of asset objects unloaded after import = 1

========================================================================
Received Import Request.
  Time since last request: 0.000038 seconds.
  path: Assets/World/Scenes/World.unity
  artifactKey: Guid(119af419c476548148b1349377ffc9f3) Importer(2089858483,b0f066a214c2f5e87bad3c948f4d605d)
Start importing Assets/World/Scenes/World.unity using Guid(119af419c476548148b1349377ffc9f3) Importer(2089858483,b0f066a214c2f5e87bad3c948f4d605d) (ScriptedImporter) -> (artifact id: 'b87694b4caaf80d26821d17ead0e5e62') in 0.001910709 seconds
Number of updated asset objects reloaded before import = 0Number of asset objects unloaded after import = 1

========================================================================
Received Import Request.
  Time since last request: 5.654675 seconds.
  path: Assets/Runemark Assets/Freebies/Polygon Desert Pack/Prefabs/Aloe.prefab
  artifactKey: Guid(8a13b3dbbf597744192ac4a84ebb93c6) Importer(815301076,1909f56bfc062723c751e8b465ee728b)
Start importing Assets/Runemark Assets/Freebies/Polygon Desert Pack/Prefabs/Aloe.prefab using Guid(8a13b3dbbf597744192ac4a84ebb93c6) Importer(815301076,1909f56bfc062723c751e8b465ee728b) (PreviewImporter) -> (artifact id: 'f7754c8a77c6ce3be4439b1ee06425ab') in 4.973422958 seconds
Number of updated asset objects reloaded before import = 0Number of asset objects unloaded after import = 10

========================================================================
Received Import Request.
  Time since last request: 0.000053 seconds.
  path: Assets/Runemark Assets/Freebies/Polygon Desert Pack/Prefabs/rock03.prefab
  artifactKey: Guid(e3a2b024936fe54498e16bf28bfd0e90) Importer(815301076,1909f56bfc062723c751e8b465ee728b)
Start importing Assets/Runemark Assets/Freebies/Polygon Desert Pack/Prefabs/rock03.prefab using Guid(e3a2b024936fe54498e16bf28bfd0e90) Importer(815301076,1909f56bfc062723c751e8b465ee728b) (PreviewImporter) -> (artifact id: 'acbae364432cc3b4e859e7f022b38407') in 0.006328375 seconds
Number of updated asset objects reloaded before import = 0Number of asset objects unloaded after import = 10

========================================================================
Received Import Request.
  Time since last request: 0.000048 seconds.
  path: Assets/Runemark Assets/Freebies/Polygon Desert Pack/Prefabs/rock01.prefab
  artifactKey: Guid(3e63f970932e56649b966445efd75396) Importer(815301076,1909f56bfc062723c751e8b465ee728b)
Start importing Assets/Runemark Assets/Freebies/Polygon Desert Pack/Prefabs/rock01.prefab using Guid(3e63f970932e56649b966445efd75396) Importer(815301076,1909f56bfc062723c751e8b465ee728b) (PreviewImporter) -> (artifact id: '291513705760259ada21c1034143ac81') in 0.006342667 seconds
Number of updated asset objects reloaded before import = 0Number of asset objects unloaded after import = 10

========================================================================
Received Import Request.
  Time since last request: 0.000055 seconds.
  path: Assets/Runemark Assets/Freebies/Polygon Desert Pack/Prefabs/rock02.prefab
  artifactKey: Guid(91af7a3706671b943974b6ef43812fab) Importer(815301076,1909f56bfc062723c751e8b465ee728b)
Start importing Assets/Runemark Assets/Freebies/Polygon Desert Pack/Prefabs/rock02.prefab using Guid(91af7a3706671b943974b6ef43812fab) Importer(815301076,1909f56bfc062723c751e8b465ee728b) (PreviewImporter) -> (artifact id: '3c7a980ff7752fe7724c75943d7133ad') in 0.005623917 seconds
Number of updated asset objects reloaded before import = 0Number of asset objects unloaded after import = 10

========================================================================
Received Import Request.
  Time since last request: 0.000043 seconds.
  path: Assets/Runemark Assets/Freebies/Polygon Desert Pack/Materials/Ground.mat
  artifactKey: Guid(c0f96e6b229bfe24d85d8b8190d83096) Importer(2089858483,b0f066a214c2f5e87bad3c948f4d605d)
Start importing Assets/Runemark Assets/Freebies/Polygon Desert Pack/Materials/Ground.mat using Guid(c0f96e6b229bfe24d85d8b8190d83096) Importer(2089858483,b0f066a214c2f5e87bad3c948f4d605d) (ScriptedImporter) -> (artifact id: '25c70436a3f8d583c1a00ad73462bfe6') in 0.003227667 seconds
Number of updated asset objects reloaded before import = 0Number of asset objects unloaded after import = 1

========================================================================
Received Import Request.
  Time since last request: 0.000049 seconds.
  path: Assets/Runemark Assets/Freebies/Polygon Desert Pack/Materials/DesertRocks.mat
  artifactKey: Guid(df64b2ddea7920a40962d7aac24b2869) Importer(2089858483,b0f066a214c2f5e87bad3c948f4d605d)
Start importing Assets/Runemark Assets/Freebies/Polygon Desert Pack/Materials/DesertRocks.mat using Guid(df64b2ddea7920a40962d7aac24b2869) Importer(2089858483,b0f066a214c2f5e87bad3c948f4d605d) (ScriptedImporter) -> (artifact id: '68becc76512a568e1a3b6222dab4f85f') in 0.002543666 seconds
Number of updated asset objects reloaded before import = 0Number of asset objects unloaded after import = 1

========================================================================
Received Import Request.
  Time since last request: 0.000059 seconds.
  path: Assets/Runemark Assets/Freebies/Polygon Desert Pack/Prefabs/rock04.prefab
  artifactKey: Guid(37d65ed67498b304ea4da8a6b7c2d9b4) Importer(815301076,1909f56bfc062723c751e8b465ee728b)
Start importing Assets/Runemark Assets/Freebies/Polygon Desert Pack/Prefabs/rock04.prefab using Guid(37d65ed67498b304ea4da8a6b7c2d9b4) Importer(815301076,1909f56bfc062723c751e8b465ee728b) (PreviewImporter) -> (artifact id: '1a0f2ded50c0df12996a24f3fa3cd457') in 0.005865083 seconds
Number of updated asset objects reloaded before import = 0Number of asset objects unloaded after import = 10

========================================================================
Received Import Request.
  Time since last request: 0.000051 seconds.
  path: Assets/Runemark Assets/Freebies/Polygon Desert Pack/Prefabs/rock05.prefab
  artifactKey: Guid(bf07739386a93f443b373a919b97fbe7) Importer(815301076,1909f56bfc062723c751e8b465ee728b)
Start importing Assets/Runemark Assets/Freebies/Polygon Desert Pack/Prefabs/rock05.prefab using Guid(bf07739386a93f443b373a919b97fbe7) Importer(815301076,1909f56bfc062723c751e8b465ee728b) (PreviewImporter) -> (artifact id: '2d633aa329cdc599045521dc402d0f69') in 0.005579833 seconds
Number of updated asset objects reloaded before import = 0Number of asset objects unloaded after import = 10

========================================================================
Received Import Request.
  Time since last request: 0.000074 seconds.
  path: Assets/Runemark Assets/Freebies/Polygon Desert Pack/Prefabs/Cactus3.prefab
  artifactKey: Guid(50294217694c1a145a9a3b86f853c022) Importer(815301076,1909f56bfc062723c751e8b465ee728b)
Start importing Assets/Runemark Assets/Freebies/Polygon Desert Pack/Prefabs/Cactus3.prefab using Guid(50294217694c1a145a9a3b86f853c022) Importer(815301076,1909f56bfc062723c751e8b465ee728b) (PreviewImporter) -> (artifact id: 'd338eea96f70e3dbe7294e2166bdbc03') in 2.990626292 seconds
Number of updated asset objects reloaded before import = 0Number of asset objects unloaded after import = 18

========================================================================
Received Import Request.
  Time since last request: 0.000038 seconds.
  path: Assets/Runemark Assets/Freebies/Polygon Desert Pack/Materials/Thorn.mat
  artifactKey: Guid(f5862a071b976404b90477399414fa74) Importer(2089858483,b0f066a214c2f5e87bad3c948f4d605d)
Start importing Assets/Runemark Assets/Freebies/Polygon Desert Pack/Materials/Thorn.mat using Guid(f5862a071b976404b90477399414fa74) Importer(2089858483,b0f066a214c2f5e87bad3c948f4d605d) (ScriptedImporter) -> (artifact id: '15bb9e62bcb8cbf9c4fb06b46e883548') in 0.001908083 seconds
Number of updated asset objects reloaded before import = 0Number of asset objects unloaded after import = 1

========================================================================
Received Import Request.
  Time since last request: 0.000033 seconds.
  path: Assets/Runemark Assets/Freebies/Polygon Desert Pack/Prefabs/rock08.prefab
  artifactKey: Guid(a45f923de9555884cbe160883ce87a74) Importer(815301076,1909f56bfc062723c751e8b465ee728b)
Start importing Assets/Runemark Assets/Freebies/Polygon Desert Pack/Prefabs/rock08.prefab using Guid(a45f923de9555884cbe160883ce87a74) Importer(815301076,1909f56bfc062723c751e8b465ee728b) (PreviewImporter) -> (artifact id: '598f4dd4bea195cad3671b9f7ddc9f13') in 0.00665175 seconds
Number of updated asset objects reloaded before import = 0Number of asset objects unloaded after import = 10

========================================================================
Received Import Request.
  Time since last request: 0.000043 seconds.
  path: Assets/Runemark Assets/Freebies/Polygon Desert Pack/Materials/Aloe.mat
  artifactKey: Guid(a58be5973538d264eb695c3db32e1d17) Importer(2089858483,b0f066a214c2f5e87bad3c948f4d605d)
Start importing Assets/Runemark Assets/Freebies/Polygon Desert Pack/Materials/Aloe.mat using Guid(a58be5973538d264eb695c3db32e1d17) Importer(2089858483,b0f066a214c2f5e87bad3c948f4d605d) (ScriptedImporter) -> (artifact id: 'c9869f621469b4c9c3f48191a5e59f88') in 0.001680584 seconds
Number of updated asset objects reloaded before import = 0Number of asset objects unloaded after import = 1

========================================================================
Received Import Request.
  Time since last request: 0.000041 seconds.
  path: Assets/Runemark Assets/Freebies/Polygon Desert Pack/Materials/Flower.mat
  artifactKey: Guid(a0eb1ba83e4b048409871a19b9850bb6) Importer(2089858483,b0f066a214c2f5e87bad3c948f4d605d)
Start importing Assets/Runemark Assets/Freebies/Polygon Desert Pack/Materials/Flower.mat using Guid(a0eb1ba83e4b048409871a19b9850bb6) Importer(2089858483,b0f066a214c2f5e87bad3c948f4d605d) (ScriptedImporter) -> (artifact id: '72f59ec21faadc0c2c8e33f2ed811291') in 0.001727666 seconds
Number of updated asset objects reloaded before import = 0Number of asset objects unloaded after import = 1

========================================================================
Received Import Request.
  Time since last request: 0.000037 seconds.
  path: Assets/Runemark Assets/Freebies/Polygon Desert Pack/Meshes/Materials/defaultMat.mat
  artifactKey: Guid(0d38055eacd2baa4d97eb3f818ff3e5c) Importer(2089858483,b0f066a214c2f5e87bad3c948f4d605d)
Start importing Assets/Runemark Assets/Freebies/Polygon Desert Pack/Meshes/Materials/defaultMat.mat using Guid(0d38055eacd2baa4d97eb3f818ff3e5c) Importer(2089858483,b0f066a214c2f5e87bad3c948f4d605d) (ScriptedImporter) -> (artifact id: '10db9406ee71bce5a0815052ca95fe29') in 0.001465292 seconds
Number of updated asset objects reloaded before import = 0Number of asset objects unloaded after import = 1

========================================================================
Received Import Request.
  Time since last request: 1.001010 seconds.
  path: Assets/Runemark Assets/Freebies/Polygon Desert Pack/Prefabs/Cactus1.prefab
  artifactKey: Guid(575780dd1f55b7941803be0767c1e36e) Importer(815301076,1909f56bfc062723c751e8b465ee728b)
Start importing Assets/Runemark Assets/Freebies/Polygon Desert Pack/Prefabs/Cactus1.prefab using Guid(575780dd1f55b7941803be0767c1e36e) Importer(815301076,1909f56bfc062723c751e8b465ee728b) (PreviewImporter) -> (artifact id: '95f2d7720fd48999e66b036a258cde21') in 0.007307417 seconds
Number of updated asset objects reloaded before import = 0Number of asset objects unloaded after import = 11

========================================================================
Received Import Request.
  Time since last request: 2.989496 seconds.
  path: Assets/Runemark Assets/Freebies/Polygon Desert Pack/Materials/Thorn.mat
  artifactKey: Guid(f5862a071b976404b90477399414fa74) Importer(2089858483,b0f066a214c2f5e87bad3c948f4d605d)
Start importing Assets/Runemark Assets/Freebies/Polygon Desert Pack/Materials/Thorn.mat using Guid(f5862a071b976404b90477399414fa74) Importer(2089858483,b0f066a214c2f5e87bad3c948f4d605d) (ScriptedImporter) -> (artifact id: '38a8b7e4a812b1957ac96c43c06ae5c0') in 0.002778 seconds
Number of updated asset objects reloaded before import = 0Number of asset objects unloaded after import = 1

